TN:
SF:src/components/BottomTabBar.tsx
FN:9,(anonymous_0)
FN:20,(anonymous_1)
FN:24,(anonymous_2)
FNF:3
FNH:3
FNDA:5,(anonymous_0)
FNDA:25,(anonymous_1)
FNDA:3,(anonymous_2)
DA:9,2
DA:10,5
DA:18,5
DA:21,25
DA:24,3
DA:38,2
LF:6
LH:6
BRDA:23,0,0,25
BRDA:23,0,1,5
BRDA:26,1,0,25
BRDA:26,1,1,5
BRDA:29,2,0,25
BRDA:29,2,1,5
BRF:6
BRH:6
end_of_record
TN:
SF:src/contexts/AuthContext.tsx
FN:23,(anonymous_0)
FN:30,(anonymous_1)
FN:34,(anonymous_2)
FN:59,(anonymous_3)
FN:79,(anonymous_4)
FN:99,(anonymous_5)
FN:113,(anonymous_6)
FN:126,(anonymous_7)
FN:155,(anonymous_8)
FNF:9
FNH:9
FNDA:47,(anonymous_0)
FNDA:16,(anonymous_1)
FNDA:16,(anonymous_2)
FNDA:6,(anonymous_3)
FNDA:2,(anonymous_4)
FNDA:4,(anonymous_5)
FNDA:2,(anonymous_6)
FNDA:2,(anonymous_7)
FNDA:134,(anonymous_8)
DA:17,6
DA:23,6
DA:24,47
DA:25,47
DA:26,47
DA:28,47
DA:30,47
DA:31,16
DA:34,47
DA:35,16
DA:36,16
DA:37,16
DA:39,15
DA:40,5
DA:41,5
DA:42,4
DA:43,4
DA:45,1
DA:47,10
DA:49,1
DA:52,1
DA:53,1
DA:55,16
DA:59,47
DA:60,6
DA:61,6
DA:62,6
DA:64,5
DA:65,4
DA:66,4
DA:67,4
DA:68,4
DA:70,1
DA:72,1
DA:73,1
DA:75,6
DA:79,47
DA:80,2
DA:81,2
DA:82,2
DA:84,1
DA:85,1
DA:86,1
DA:87,1
DA:88,1
DA:90,0
DA:92,1
DA:93,1
DA:95,2
DA:99,47
DA:100,4
DA:101,4
DA:102,4
DA:103,3
DA:104,3
DA:105,3
DA:107,1
DA:109,4
DA:113,47
DA:114,2
DA:116,1
DA:117,1
DA:118,1
DA:119,1
DA:122,0
DA:126,47
DA:127,2
DA:129,2
DA:130,2
DA:131,1
DA:132,1
DA:133,1
DA:136,1
DA:137,1
DA:141,47
DA:152,47
DA:155,6
DA:156,134
DA:157,134
DA:158,2
DA:160,132
LF:81
LH:79
BRDA:28,0,0,47
BRDA:28,0,1,13
BRDA:39,1,0,5
BRDA:39,1,1,10
BRDA:39,2,0,15
BRDA:39,2,1,6
BRDA:41,3,0,4
BRDA:41,3,1,1
BRDA:47,4,0,1
BRDA:47,4,1,9
BRDA:64,5,0,4
BRDA:64,5,1,1
BRDA:64,6,0,5
BRDA:64,6,1,4
BRDA:64,6,2,4
BRDA:84,7,0,1
BRDA:84,7,1,0
BRDA:84,8,0,1
BRDA:84,8,1,1
BRDA:84,8,2,1
BRDA:114,9,0,1
BRDA:114,9,1,1
BRDA:118,10,0,1
BRDA:118,10,1,0
BRDA:127,11,0,0
BRDA:127,11,1,2
BRDA:127,12,0,2
BRDA:127,12,1,2
BRDA:131,13,0,1
BRDA:131,13,1,0
BRDA:157,14,0,2
BRDA:157,14,1,132
BRF:32
BRH:28
end_of_record
TN:
SF:src/navigation/AuthNavigator.tsx
FN:6,(anonymous_0)
FN:9,(anonymous_1)
FN:10,(anonymous_2)
FNF:3
FNH:1
FNDA:2,(anonymous_0)
FNDA:0,(anonymous_1)
FNDA:0,(anonymous_2)
DA:6,1
DA:7,2
DA:9,2
DA:10,2
DA:12,2
DA:23,1
LF:6
LH:6
BRDA:14,0,0,2
BRDA:14,0,1,0
BRF:2
BRH:1
end_of_record
TN:
SF:src/screens/CameraScreen.tsx
FN:19,(anonymous_0)
FN:31,(anonymous_1)
FN:39,(anonymous_2)
FN:52,(anonymous_3)
FN:73,(anonymous_4)
FN:87,(anonymous_5)
FN:98,(anonymous_6)
FN:105,(anonymous_7)
FN:106,(anonymous_8)
FN:118,(anonymous_9)
FN:155,(anonymous_10)
FN:191,(anonymous_11)
FN:248,(anonymous_12)
FN:255,(anonymous_13)
FN:317,(anonymous_14)
FNF:15
FNH:6
FNDA:3,(anonymous_0)
FNDA:1,(anonymous_1)
FNDA:1,(anonymous_2)
FNDA:0,(anonymous_3)
FNDA:0,(anonymous_4)
FNDA:1,(anonymous_5)
FNDA:1,(anonymous_6)
FNDA:0,(anonymous_7)
FNDA:0,(anonymous_8)
FNDA:0,(anonymous_9)
FNDA:0,(anonymous_10)
FNDA:0,(anonymous_11)
FNDA:0,(anonymous_12)
FNDA:3,(anonymous_13)
FNDA:0,(anonymous_14)
DA:17,1
DA:19,1
DA:20,3
DA:21,3
DA:22,3
DA:23,3
DA:24,3
DA:25,3
DA:26,3
DA:27,3
DA:28,3
DA:29,3
DA:31,3
DA:32,1
DA:33,1
DA:34,1
DA:35,1
DA:39,3
DA:40,1
DA:42,1
DA:43,1
DA:44,0
DA:45,0
DA:46,0
DA:47,0
DA:53,0
DA:59,1
DA:63,1
DA:64,1
DA:65,0
DA:66,0
DA:67,0
DA:68,0
DA:74,0
DA:80,1
DA:83,0
DA:87,3
DA:88,1
DA:90,1
DA:91,1
DA:92,1
DA:94,0
DA:98,3
DA:99,1
DA:100,1
DA:101,1
DA:102,1
DA:103,1
DA:105,1
DA:106,0
DA:107,0
DA:108,0
DA:109,0
DA:110,0
DA:111,0
DA:113,0
DA:118,3
DA:119,0
DA:120,0
DA:128,0
DA:131,0
DA:132,0
DA:140,0
DA:141,0
DA:142,0
DA:143,0
DA:145,0
DA:146,0
DA:150,0
DA:151,0
DA:155,3
DA:156,0
DA:157,0
DA:165,0
DA:168,0
DA:169,0
DA:176,0
DA:177,0
DA:178,0
DA:179,0
DA:181,0
DA:182,0
DA:186,0
DA:187,0
DA:191,3
DA:192,0
DA:193,0
DA:194,0
DA:197,0
DA:198,0
DA:199,0
DA:202,0
DA:203,0
DA:204,0
DA:207,0
DA:208,0
DA:210,0
DA:211,0
DA:212,0
DA:214,0
DA:215,0
DA:217,0
DA:225,0
DA:227,0
DA:228,0
DA:229,0
DA:230,0
DA:232,0
DA:238,0
DA:241,0
DA:242,0
DA:244,0
DA:248,3
DA:249,0
DA:250,0
DA:251,0
DA:252,0
DA:255,3
DA:256,3
DA:257,0
DA:276,3
DA:317,0
DA:326,3
DA:333,1
LF:124
LH:46
BRDA:32,0,0,1
BRDA:32,0,1,0
BRDA:43,1,0,0
BRDA:43,1,1,1
BRDA:46,2,0,0
BRDA:46,2,1,0
BRDA:64,3,0,0
BRDA:64,3,1,1
BRDA:67,4,0,0
BRDA:67,4,1,0
BRDA:88,5,0,0
BRDA:88,5,1,1
BRDA:107,6,0,0
BRDA:107,6,1,0
BRDA:119,7,0,0
BRDA:119,7,1,0
BRDA:137,8,0,0
BRDA:137,8,1,0
BRDA:140,9,0,0
BRDA:140,9,1,0
BRDA:140,10,0,0
BRDA:140,10,1,0
BRDA:141,11,0,0
BRDA:141,11,1,0
BRDA:156,12,0,0
BRDA:156,12,1,0
BRDA:176,13,0,0
BRDA:176,13,1,0
BRDA:176,14,0,0
BRDA:176,14,1,0
BRDA:177,15,0,0
BRDA:177,15,1,0
BRDA:192,16,0,0
BRDA:192,16,1,0
BRDA:197,17,0,0
BRDA:197,17,1,0
BRDA:197,18,0,0
BRDA:197,18,1,0
BRDA:202,19,0,0
BRDA:202,19,1,0
BRDA:215,20,0,0
BRDA:215,20,1,0
BRDA:227,21,0,0
BRDA:227,21,1,0
BRDA:234,22,0,0
BRDA:234,22,1,0
BRDA:256,23,0,0
BRDA:256,23,1,3
BRDA:256,24,0,3
BRDA:256,24,1,0
BRDA:264,25,0,0
BRDA:264,25,1,0
BRDA:269,26,0,0
BRDA:269,26,1,0
BRDA:281,27,0,3
BRDA:281,27,1,0
BRDA:283,28,0,3
BRDA:283,28,1,0
BRDA:288,29,0,3
BRDA:288,29,1,2
BRDA:293,30,0,3
BRDA:293,30,1,2
BRDA:302,31,0,3
BRDA:302,31,1,2
BRDA:306,32,0,3
BRDA:306,32,1,2
BRDA:310,33,0,3
BRDA:310,33,1,2
BRDA:314,34,0,3
BRDA:314,34,1,2
BRF:70
BRH:20
end_of_record
TN:
SF:src/screens/DiscoveryScreen.tsx
FN:21,(anonymous_0)
FN:31,(anonymous_1)
FN:37,(anonymous_2)
FN:54,(anonymous_3)
FN:73,(anonymous_4)
FN:84,(anonymous_5)
FN:100,(anonymous_6)
FN:106,(anonymous_7)
FN:112,(anonymous_8)
FN:123,(anonymous_9)
FN:129,(anonymous_10)
FN:132,(anonymous_11)
FN:150,(anonymous_12)
FN:162,(anonymous_13)
FN:202,(anonymous_14)
FN:226,(anonymous_15)
FN:253,(anonymous_16)
FN:261,(anonymous_17)
FN:276,(anonymous_18)
FN:279,(anonymous_19)
FN:280,(anonymous_20)
FN:292,(anonymous_21)
FNF:22
FNH:0
FNDA:0,(anonymous_0)
FNDA:0,(anonymous_1)
FNDA:0,(anonymous_2)
FNDA:0,(anonymous_3)
FNDA:0,(anonymous_4)
FNDA:0,(anonymous_5)
FNDA:0,(anonymous_6)
FNDA:0,(anonymous_7)
FNDA:0,(anonymous_8)
FNDA:0,(anonymous_9)
FNDA:0,(anonymous_10)
FNDA:0,(anonymous_11)
FNDA:0,(anonymous_12)
FNDA:0,(anonymous_13)
FNDA:0,(anonymous_14)
FNDA:0,(anonymous_15)
FNDA:0,(anonymous_16)
FNDA:0,(anonymous_17)
FNDA:0,(anonymous_18)
FNDA:0,(anonymous_19)
FNDA:0,(anonymous_20)
FNDA:0,(anonymous_21)
DA:21,1
DA:22,0
DA:23,0
DA:24,0
DA:25,0
DA:26,0
DA:27,0
DA:28,0
DA:29,0
DA:31,0
DA:32,0
DA:33,0
DA:37,0
DA:38,0
DA:40,0
DA:41,0
DA:42,0
DA:43,0
DA:44,0
DA:47,0
DA:50,0
DA:54,0
DA:55,0
DA:57,0
DA:58,0
DA:59,0
DA:62,0
DA:63,0
DA:64,0
DA:65,0
DA:67,0
DA:69,0
DA:73,0
DA:74,0
DA:76,0
DA:77,0
DA:78,0
DA:80,0
DA:84,0
DA:85,0
DA:86,0
DA:87,0
DA:90,0
DA:91,0
DA:92,0
DA:95,0
DA:96,0
DA:97,0
DA:98,0
DA:100,0
DA:102,0
DA:106,0
DA:107,0
DA:109,0
DA:110,0
DA:111,0
DA:112,0
DA:113,0
DA:115,0
DA:118,0
DA:119,0
DA:123,0
DA:124,0
DA:125,0
DA:126,0
DA:129,0
DA:130,0
DA:132,0
DA:133,0
DA:135,0
DA:141,0
DA:147,0
DA:152,0
DA:159,0
DA:162,0
DA:170,0
DA:202,0
DA:203,0
DA:204,0
DA:215,0
DA:226,0
DA:227,0
DA:228,0
DA:230,0
DA:233,0
DA:234,0
DA:241,0
DA:253,0
DA:261,0
DA:277,0
DA:278,0
DA:279,0
DA:280,0
DA:282,0
DA:292,0
DA:308,1
LF:96
LH:2
BRDA:32,0,0,0
BRDA:32,0,1,0
BRDA:38,1,0,0
BRDA:38,1,1,0
BRDA:41,2,0,0
BRDA:41,2,1,0
BRDA:43,3,0,0
BRDA:43,3,1,0
BRDA:55,4,0,0
BRDA:55,4,1,0
BRDA:74,5,0,0
BRDA:74,5,1,0
BRDA:85,6,0,0
BRDA:85,6,1,0
BRDA:85,7,0,0
BRDA:85,7,1,0
BRDA:107,8,0,0
BRDA:107,8,1,0
BRDA:111,9,0,0
BRDA:111,9,1,0
BRDA:130,10,0,0
BRDA:130,10,1,0
BRDA:133,11,0,0
BRDA:133,11,1,0
BRDA:133,11,2,0
BRDA:133,11,3,0
BRDA:174,12,0,0
BRDA:174,12,1,0
BRDA:188,13,0,0
BRDA:188,13,1,0
BRDA:203,14,0,0
BRDA:203,14,1,0
BRDA:207,15,0,0
BRDA:207,15,1,0
BRDA:210,16,0,0
BRDA:210,16,1,0
BRDA:227,17,0,0
BRDA:227,17,1,0
BRDA:230,18,0,0
BRDA:230,18,1,0
BRDA:233,19,0,0
BRDA:233,19,1,0
BRDA:252,20,0,0
BRDA:252,20,1,0
BRDA:255,21,0,0
BRDA:255,21,1,0
BRDA:260,22,0,0
BRDA:260,22,1,0
BRDA:263,23,0,0
BRDA:263,23,1,0
BRDA:269,24,0,0
BRDA:269,24,1,0
BRDA:278,25,0,0
BRDA:278,25,1,0
BRF:54
BRH:0
end_of_record
TN:
SF:src/screens/EditProfileScreen.tsx
FN:23,(anonymous_0)
FN:40,(anonymous_1)
FN:52,(anonymous_2)
FN:66,(anonymous_3)
FN:67,(anonymous_4)
FN:70,(anonymous_5)
FN:71,(anonymous_6)
FN:74,(anonymous_7)
FN:90,(anonymous_8)
FN:108,(anonymous_9)
FN:109,(anonymous_10)
FN:114,(anonymous_11)
FN:141,(anonymous_12)
FN:159,(anonymous_13)
FN:165,(anonymous_14)
FN:170,(anonymous_15)
FN:199,(anonymous_16)
FN:285,(anonymous_17)
FN:298,(anonymous_18)
FN:323,(anonymous_19)
FN:330,(anonymous_20)
FN:350,(anonymous_21)
FN:364,(anonymous_22)
FN:383,(anonymous_23)
FN:397,(anonymous_24)
FNF:25
FNH:0
FNDA:0,(anonymous_0)
FNDA:0,(anonymous_1)
FNDA:0,(anonymous_2)
FNDA:0,(anonymous_3)
FNDA:0,(anonymous_4)
FNDA:0,(anonymous_5)
FNDA:0,(anonymous_6)
FNDA:0,(anonymous_7)
FNDA:0,(anonymous_8)
FNDA:0,(anonymous_9)
FNDA:0,(anonymous_10)
FNDA:0,(anonymous_11)
FNDA:0,(anonymous_12)
FNDA:0,(anonymous_13)
FNDA:0,(anonymous_14)
FNDA:0,(anonymous_15)
FNDA:0,(anonymous_16)
FNDA:0,(anonymous_17)
FNDA:0,(anonymous_18)
FNDA:0,(anonymous_19)
FNDA:0,(anonymous_20)
FNDA:0,(anonymous_21)
FNDA:0,(anonymous_22)
FNDA:0,(anonymous_23)
FNDA:0,(anonymous_24)
DA:23,1
DA:24,0
DA:25,0
DA:26,0
DA:31,0
DA:38,0
DA:40,0
DA:41,0
DA:42,0
DA:47,0
DA:49,0
DA:52,0
DA:53,0
DA:54,0
DA:55,0
DA:56,0
DA:57,0
DA:59,0
DA:62,0
DA:66,0
DA:67,0
DA:70,0
DA:71,0
DA:74,0
DA:75,0
DA:76,0
DA:79,0
DA:80,0
DA:83,0
DA:84,0
DA:87,0
DA:90,0
DA:91,0
DA:92,0
DA:100,0
DA:103,0
DA:108,0
DA:109,0
DA:114,0
DA:115,0
DA:116,0
DA:117,0
DA:118,0
DA:119,0
DA:120,0
DA:121,0
DA:125,0
DA:132,0
DA:133,0
DA:136,0
DA:137,0
DA:141,0
DA:142,0
DA:143,0
DA:150,0
DA:151,0
DA:154,0
DA:155,0
DA:159,0
DA:160,0
DA:165,0
DA:170,0
DA:171,0
DA:172,0
DA:173,0
DA:174,0
DA:177,0
DA:178,0
DA:179,0
DA:186,0
DA:192,0
DA:193,0
DA:195,0
DA:199,0
DA:201,0
DA:207,0
DA:216,0
DA:220,0
DA:221,0
DA:224,0
DA:285,0
DA:298,0
DA:324,0
DA:330,0
DA:350,0
DA:364,0
DA:383,0
DA:397,0
DA:411,1
LF:89
LH:2
BRDA:41,0,0,0
BRDA:41,0,1,0
BRDA:44,1,0,0
BRDA:44,1,1,0
BRDA:45,2,0,0
BRDA:45,2,1,0
BRDA:55,3,0,0
BRDA:55,3,1,0
BRDA:75,4,0,0
BRDA:75,4,1,0
BRDA:79,5,0,0
BRDA:79,5,1,0
BRDA:83,6,0,0
BRDA:83,6,1,0
BRDA:91,7,0,0
BRDA:91,7,1,0
BRDA:117,8,0,0
BRDA:117,8,1,0
BRDA:119,9,0,0
BRDA:119,9,1,0
BRDA:132,10,0,0
BRDA:132,10,1,0
BRDA:132,11,0,0
BRDA:132,11,1,0
BRDA:150,12,0,0
BRDA:150,12,1,0
BRDA:150,13,0,0
BRDA:150,13,1,0
BRDA:172,14,0,0
BRDA:172,14,1,0
BRDA:201,15,0,0
BRDA:201,15,1,0
BRDA:201,16,0,0
BRDA:201,16,1,0
BRDA:201,16,2,0
BRDA:201,16,3,0
BRDA:201,16,4,0
BRDA:203,17,0,0
BRDA:203,17,1,0
BRDA:204,18,0,0
BRDA:204,18,1,0
BRDA:220,19,0,0
BRDA:220,19,1,0
BRDA:227,20,0,0
BRDA:227,20,1,0
BRDA:235,21,0,0
BRDA:235,21,1,0
BRDA:240,22,0,0
BRDA:240,22,1,0
BRDA:251,23,0,0
BRDA:251,23,1,0
BRDA:256,24,0,0
BRDA:256,24,1,0
BRDA:264,25,0,0
BRDA:264,25,1,0
BRDA:267,26,0,0
BRDA:267,26,1,0
BRDA:328,27,0,0
BRDA:328,27,1,0
BRDA:335,28,0,0
BRDA:335,28,1,0
BRF:61
BRH:0
end_of_record
TN:
SF:src/screens/FeedScreen.tsx
FN:29,(anonymous_0)
FN:30,(anonymous_1)
FN:82,(anonymous_2)
FN:92,(anonymous_3)
FN:104,(anonymous_4)
FN:105,(anonymous_5)
FN:114,(anonymous_6)
FN:134,(anonymous_7)
FN:141,(anonymous_8)
FN:147,(anonymous_9)
FN:158,(anonymous_10)
FN:164,(anonymous_11)
FN:169,(anonymous_12)
FN:182,(anonymous_13)
FN:195,(anonymous_14)
FN:205,(anonymous_15)
FN:226,(anonymous_16)
FNF:17
FNH:14
FNDA:7,(anonymous_0)
FNDA:7,(anonymous_1)
FNDA:0,(anonymous_2)
FNDA:0,(anonymous_3)
FNDA:3,(anonymous_4)
FNDA:1,(anonymous_5)
FNDA:1,(anonymous_6)
FNDA:13,(anonymous_7)
FNDA:5,(anonymous_8)
FNDA:9,(anonymous_9)
FNDA:1,(anonymous_10)
FNDA:0,(anonymous_11)
FNDA:2,(anonymous_12)
FNDA:1,(anonymous_13)
FNDA:7,(anonymous_14)
FNDA:6,(anonymous_15)
FNDA:11,(anonymous_16)
DA:19,2
DA:29,2
DA:30,7
DA:31,7
DA:32,7
DA:33,7
DA:35,7
DA:36,7
DA:37,7
DA:38,0
DA:39,0
DA:41,0
DA:45,7
DA:82,0
DA:92,0
DA:105,3
DA:106,3
DA:107,1
DA:109,2
DA:114,1
DA:134,2
DA:135,13
DA:136,13
DA:137,13
DA:138,13
DA:139,13
DA:141,13
DA:142,5
DA:143,5
DA:147,13
DA:148,9
DA:150,9
DA:151,9
DA:152,9
DA:154,0
DA:158,13
DA:159,1
DA:160,1
DA:161,1
DA:164,13
DA:165,0
DA:166,0
DA:169,13
DA:170,2
DA:172,2
DA:173,2
DA:174,2
DA:175,2
DA:178,0
DA:182,13
DA:183,1
DA:185,1
DA:186,1
DA:187,1
DA:188,1
DA:191,0
DA:195,13
DA:196,7
DA:205,13
DA:206,6
DA:214,13
DA:226,11
DA:244,2
LF:63
LH:53
BRDA:35,0,0,7
BRDA:35,0,1,0
BRDA:38,1,0,0
BRDA:38,1,1,0
BRDA:50,2,0,0
BRDA:50,2,1,7
BRDA:54,3,0,7
BRDA:54,3,1,0
BRDA:60,4,0,7
BRDA:60,4,1,0
BRDA:66,5,0,7
BRDA:66,5,1,0
BRDA:106,6,0,1
BRDA:106,6,1,2
BRDA:114,7,0,1
BRDA:114,7,1,6
BRDA:116,8,0,7
BRDA:116,8,1,1
BRDA:122,9,0,7
BRDA:122,9,1,0
BRDA:142,10,0,5
BRDA:142,10,1,0
BRDA:148,11,0,0
BRDA:148,11,1,9
BRDA:170,12,0,0
BRDA:170,12,1,2
BRDA:174,13,0,2
BRDA:174,13,1,0
BRDA:183,14,0,0
BRDA:183,14,1,1
BRDA:187,15,0,1
BRDA:187,15,1,0
BRDA:199,16,0,7
BRDA:199,16,1,0
BRF:34
BRH:19
end_of_record
TN:
SF:src/screens/FriendsScreen.tsx
FN:18,(anonymous_0)
FN:27,(anonymous_1)
FN:33,(anonymous_2)
FN:37,(anonymous_3)
FN:51,(anonymous_4)
FN:63,(anonymous_5)
FN:74,(anonymous_6)
FN:78,(anonymous_7)
FN:86,(anonymous_8)
FN:106,(anonymous_9)
FN:122,(anonymous_10)
FN:131,(anonymous_11)
FN:145,(anonymous_12)
FN:151,(anonymous_13)
FN:177,(anonymous_14)
FN:184,(anonymous_15)
FN:211,(anonymous_16)
FN:217,(anonymous_17)
FN:225,(anonymous_18)
FN:247,(anonymous_19)
FN:254,(anonymous_20)
FN:285,(anonymous_21)
FN:293,(anonymous_22)
FN:316,(anonymous_23)
FNF:24
FNH:0
FNDA:0,(anonymous_0)
FNDA:0,(anonymous_1)
FNDA:0,(anonymous_2)
FNDA:0,(anonymous_3)
FNDA:0,(anonymous_4)
FNDA:0,(anonymous_5)
FNDA:0,(anonymous_6)
FNDA:0,(anonymous_7)
FNDA:0,(anonymous_8)
FNDA:0,(anonymous_9)
FNDA:0,(anonymous_10)
FNDA:0,(anonymous_11)
FNDA:0,(anonymous_12)
FNDA:0,(anonymous_13)
FNDA:0,(anonymous_14)
FNDA:0,(anonymous_15)
FNDA:0,(anonymous_16)
FNDA:0,(anonymous_17)
FNDA:0,(anonymous_18)
FNDA:0,(anonymous_19)
FNDA:0,(anonymous_20)
FNDA:0,(anonymous_21)
FNDA:0,(anonymous_22)
FNDA:0,(anonymous_23)
DA:18,1
DA:19,0
DA:20,0
DA:21,0
DA:22,0
DA:23,0
DA:24,0
DA:25,0
DA:27,0
DA:28,0
DA:29,0
DA:33,0
DA:34,0
DA:37,0
DA:38,0
DA:40,0
DA:41,0
DA:42,0
DA:44,0
DA:47,0
DA:51,0
DA:52,0
DA:54,0
DA:55,0
DA:56,0
DA:57,0
DA:59,0
DA:63,0
DA:64,0
DA:66,0
DA:67,0
DA:68,0
DA:70,0
DA:74,0
DA:75,0
DA:76,0
DA:78,0
DA:79,0
DA:82,0
DA:86,0
DA:87,0
DA:89,0
DA:90,0
DA:91,0
DA:92,0
DA:93,0
DA:94,0
DA:95,0
DA:98,0
DA:101,0
DA:102,0
DA:106,0
DA:107,0
DA:109,0
DA:110,0
DA:111,0
DA:112,0
DA:114,0
DA:117,0
DA:118,0
DA:122,0
DA:123,0
DA:132,0
DA:133,0
DA:134,0
DA:135,0
DA:137,0
DA:145,0
DA:146,0
DA:147,0
DA:148,0
DA:151,0
DA:152,0
DA:177,0
DA:184,0
DA:185,0
DA:211,0
DA:217,0
DA:225,0
DA:226,0
DA:227,0
DA:236,0
DA:247,0
DA:248,0
DA:249,0
DA:251,0
DA:254,0
DA:255,0
DA:256,0
DA:258,0
DA:261,0
DA:262,0
DA:269,0
DA:285,0
DA:293,0
DA:316,0
DA:332,1
LF:97
LH:2
BRDA:28,0,0,0
BRDA:28,0,1,0
BRDA:38,1,0,0
BRDA:38,1,1,0
BRDA:41,2,0,0
BRDA:41,2,1,0
BRDA:52,3,0,0
BRDA:52,3,1,0
BRDA:64,4,0,0
BRDA:64,4,1,0
BRDA:75,5,0,0
BRDA:75,5,1,0
BRDA:79,6,0,0
BRDA:79,6,1,0
BRDA:87,7,0,0
BRDA:87,7,1,0
BRDA:91,8,0,0
BRDA:91,8,1,0
BRDA:94,9,0,0
BRDA:94,9,1,0
BRDA:107,10,0,0
BRDA:107,10,1,0
BRDA:111,11,0,0
BRDA:111,11,1,0
BRDA:132,12,0,0
BRDA:132,12,1,0
BRDA:134,13,0,0
BRDA:134,13,1,0
BRDA:155,14,0,0
BRDA:155,14,1,0
BRDA:169,15,0,0
BRDA:169,15,1,0
BRDA:188,16,0,0
BRDA:188,16,1,0
BRDA:202,17,0,0
BRDA:202,17,1,0
BRDA:226,18,0,0
BRDA:226,18,1,0
BRDA:248,19,0,0
BRDA:248,19,1,0
BRDA:255,20,0,0
BRDA:255,20,1,0
BRDA:261,21,0,0
BRDA:261,21,1,0
BRDA:274,22,0,0
BRDA:274,22,1,0
BRDA:284,23,0,0
BRDA:284,23,1,0
BRDA:287,24,0,0
BRDA:287,24,1,0
BRDA:292,25,0,0
BRDA:292,25,1,0
BRDA:295,26,0,0
BRDA:295,26,1,0
BRDA:301,27,0,0
BRDA:301,27,1,0
BRF:56
BRH:0
end_of_record
TN:
SF:src/screens/ProfileScreen.tsx
FN:18,(anonymous_0)
FN:22,(anonymous_1)
FN:28,(anonymous_2)
FN:39,(anonymous_3)
FN:48,(anonymous_4)
FN:60,(anonymous_5)
FN:64,(anonymous_6)
FN:72,(anonymous_7)
FNF:8
FNH:6
FNDA:1,(anonymous_0)
FNDA:1,(anonymous_1)
FNDA:1,(anonymous_2)
FNDA:1,(anonymous_3)
FNDA:1,(anonymous_4)
FNDA:0,(anonymous_5)
FNDA:0,(anonymous_6)
FNDA:1,(anonymous_7)
DA:18,1
DA:19,1
DA:20,1
DA:22,1
DA:23,1
DA:24,1
DA:28,1
DA:29,1
DA:31,1
DA:33,1
DA:35,0
DA:39,1
DA:40,1
DA:49,1
DA:50,1
DA:52,0
DA:60,1
DA:61,0
DA:64,1
DA:65,0
DA:67,0
DA:68,0
DA:72,1
DA:73,1
DA:89,1
DA:90,0
DA:97,1
DA:173,1
LF:28
LH:21
BRDA:23,0,0,1
BRDA:23,0,1,0
BRDA:29,1,0,0
BRDA:29,1,1,1
BRDA:67,2,0,0
BRDA:67,2,1,0
BRDA:75,3,0,1
BRDA:75,3,1,1
BRDA:79,4,0,1
BRDA:79,4,1,1
BRDA:83,5,0,1
BRDA:83,5,1,1
BRDA:89,6,0,0
BRDA:89,6,1,1
BRDA:108,7,0,0
BRDA:108,7,1,1
BRDA:120,8,0,1
BRDA:120,8,1,1
BRF:18
BRH:12
end_of_record
TN:
SF:src/screens/auth/LoginScreen.tsx
FN:19,(anonymous_0)
FN:25,(anonymous_1)
FN:49,(anonymous_2)
FNF:3
FNH:3
FNDA:22,(anonymous_0)
FNDA:6,(anonymous_1)
FNDA:5,(anonymous_2)
DA:19,2
DA:20,22
DA:21,22
DA:22,22
DA:23,22
DA:25,22
DA:26,6
DA:27,1
DA:28,1
DA:31,5
DA:32,1
DA:33,1
DA:36,4
DA:37,4
DA:38,4
DA:39,4
DA:40,1
DA:43,0
DA:45,4
DA:49,22
DA:50,5
DA:51,5
DA:54,22
DA:117,2
LF:24
LH:23
BRDA:26,0,0,1
BRDA:26,0,1,5
BRDA:26,1,0,6
BRDA:26,1,1,5
BRDA:31,2,0,1
BRDA:31,2,1,4
BRDA:39,3,0,1
BRDA:39,3,1,3
BRDA:57,4,0,22
BRDA:57,4,1,0
BRDA:95,5,0,22
BRDA:95,5,1,1
BRDA:100,6,0,1
BRDA:100,6,1,21
BRF:14
BRH:13
end_of_record
TN:
SF:src/screens/auth/RegisterScreen.tsx
FN:20,(anonymous_0)
FN:32,(anonymous_1)
FN:33,(anonymous_2)
FN:36,(anonymous_3)
FN:66,(anonymous_4)
FN:71,(anonymous_5)
FN:119,(anonymous_6)
FN:132,(anonymous_7)
FN:146,(anonymous_8)
FN:158,(anonymous_9)
FN:174,(anonymous_10)
FN:187,(anonymous_11)
FNF:12
FNH:12
FNDA:48,(anonymous_0)
FNDA:35,(anonymous_1)
FNDA:35,(anonymous_2)
FNDA:10,(anonymous_3)
FNDA:7,(anonymous_4)
FNDA:10,(anonymous_5)
FNDA:7,(anonymous_6)
FNDA:7,(anonymous_7)
FNDA:6,(anonymous_8)
FNDA:1,(anonymous_9)
FNDA:7,(anonymous_10)
FNDA:7,(anonymous_11)
DA:20,2
DA:21,48
DA:29,48
DA:30,48
DA:32,48
DA:33,35
DA:36,48
DA:37,10
DA:39,10
DA:40,1
DA:43,9
DA:44,1
DA:47,8
DA:48,1
DA:51,7
DA:52,1
DA:55,6
DA:56,1
DA:59,5
DA:60,1
DA:63,4
DA:66,48
DA:67,7
DA:68,7
DA:71,48
DA:72,10
DA:73,10
DA:74,6
DA:75,6
DA:78,4
DA:79,4
DA:80,4
DA:88,4
DA:89,3
DA:90,1
DA:93,1
DA:95,4
DA:99,48
DA:119,7
DA:132,7
DA:146,6
DA:158,1
DA:174,7
DA:187,7
DA:216,2
LF:45
LH:45
BRDA:39,0,0,1
BRDA:39,0,1,9
BRDA:39,1,0,10
BRDA:39,1,1,9
BRDA:39,1,2,9
BRDA:39,1,3,9
BRDA:43,2,0,1
BRDA:43,2,1,8
BRDA:47,3,0,1
BRDA:47,3,1,7
BRDA:51,4,0,1
BRDA:51,4,1,6
BRDA:55,5,0,1
BRDA:55,5,1,5
BRDA:59,6,0,1
BRDA:59,6,1,4
BRDA:73,7,0,6
BRDA:73,7,1,4
BRDA:89,8,0,1
BRDA:89,8,1,2
BRDA:102,9,0,48
BRDA:102,9,1,0
BRDA:194,10,0,48
BRDA:194,10,1,1
BRDA:199,11,0,1
BRDA:199,11,1,47
BRF:26
BRH:25
end_of_record
TN:
SF:src/services/AuthService.ts
FN:20,(anonymous_0)
FN:25,(anonymous_1)
FN:60,(anonymous_2)
FN:64,(anonymous_3)
FN:65,(anonymous_4)
FN:120,(anonymous_5)
FN:128,(anonymous_6)
FN:137,(anonymous_7)
FN:156,(anonymous_8)
FN:164,(anonymous_9)
FN:174,(anonymous_10)
FN:183,(anonymous_11)
FN:204,(anonymous_12)
FN:208,(anonymous_13)
FNF:14
FNH:14
FNDA:4,(anonymous_0)
FNDA:2,(anonymous_1)
FNDA:7,(anonymous_2)
FNDA:1,(anonymous_3)
FNDA:1,(anonymous_4)
FNDA:1,(anonymous_5)
FNDA:1,(anonymous_6)
FNDA:2,(anonymous_7)
FNDA:2,(anonymous_8)
FNDA:3,(anonymous_9)
FNDA:3,(anonymous_10)
FNDA:3,(anonymous_11)
FNDA:6,(anonymous_12)
FNDA:7,(anonymous_13)
DA:5,7
DA:11,7
DA:20,7
DA:21,4
DA:24,4
DA:25,3
DA:27,3
DA:28,1
DA:33,2
DA:34,2
DA:35,1
DA:39,1
DA:43,1
DA:46,1
DA:53,1
DA:55,1
DA:56,1
DA:60,7
DA:61,7
DA:63,7
DA:64,7
DA:65,7
DA:67,7
DA:68,1
DA:71,6
DA:72,0
DA:76,6
DA:84,6
DA:100,6
DA:103,5
DA:106,5
DA:113,5
DA:115,1
DA:116,1
DA:120,7
DA:121,1
DA:122,1
DA:124,0
DA:128,7
DA:129,1
DA:130,1
DA:132,1
DA:133,1
DA:137,7
DA:138,2
DA:139,2
DA:140,1
DA:142,1
DA:148,1
DA:149,1
DA:151,1
DA:152,1
DA:156,7
DA:157,2
DA:158,2
DA:160,1
DA:164,7
DA:165,3
DA:166,3
DA:167,2
DA:169,1
DA:170,1
DA:174,7
DA:175,3
DA:176,3
DA:177,2
DA:179,1
DA:183,7
DA:184,3
DA:185,3
DA:186,1
DA:189,1
DA:196,1
DA:198,1
DA:199,1
DA:204,7
DA:205,6
DA:208,7
DA:209,7
LF:79
LH:77
BRDA:27,0,0,1
BRDA:27,0,1,2
BRDA:34,1,0,1
BRDA:34,1,1,1
BRDA:67,2,0,1
BRDA:67,2,1,6
BRDA:71,3,0,0
BRDA:71,3,1,6
BRDA:89,4,0,6
BRDA:89,4,1,5
BRDA:140,5,0,0
BRDA:140,5,1,1
BRDA:167,6,0,1
BRDA:167,6,1,1
BRDA:185,7,0,1
BRDA:185,7,1,1
BRF:16
BRH:14
end_of_record
TN:
SF:src/services/FriendService.ts
FN:4,(anonymous_0)
FN:22,(anonymous_1)
FN:52,(anonymous_2)
FN:56,(anonymous_3)
FN:88,(anonymous_4)
FN:91,(anonymous_5)
FN:107,(anonymous_6)
FN:110,(anonymous_7)
FN:127,(anonymous_8)
FN:130,(anonymous_9)
FN:154,(anonymous_10)
FN:161,(anonymous_11)
FN:169,(anonymous_12)
FN:185,(anonymous_13)
FN:191,(anonymous_14)
FN:192,(anonymous_15)
FN:193,(anonymous_16)
FN:203,(anonymous_17)
FN:209,(anonymous_18)
FN:210,(anonymous_19)
FN:211,(anonymous_20)
FN:221,(anonymous_21)
FN:231,(anonymous_22)
FN:237,(anonymous_23)
FN:249,(anonymous_24)
FN:253,(anonymous_25)
FN:256,(anonymous_26)
FN:266,(anonymous_27)
FNF:28
FNH:0
FNDA:0,(anonymous_0)
FNDA:0,(anonymous_1)
FNDA:0,(anonymous_2)
FNDA:0,(anonymous_3)
FNDA:0,(anonymous_4)
FNDA:0,(anonymous_5)
FNDA:0,(anonymous_6)
FNDA:0,(anonymous_7)
FNDA:0,(anonymous_8)
FNDA:0,(anonymous_9)
FNDA:0,(anonymous_10)
FNDA:0,(anonymous_11)
FNDA:0,(anonymous_12)
FNDA:0,(anonymous_13)
FNDA:0,(anonymous_14)
FNDA:0,(anonymous_15)
FNDA:0,(anonymous_16)
FNDA:0,(anonymous_17)
FNDA:0,(anonymous_18)
FNDA:0,(anonymous_19)
FNDA:0,(anonymous_20)
FNDA:0,(anonymous_21)
FNDA:0,(anonymous_22)
FNDA:0,(anonymous_23)
FNDA:0,(anonymous_24)
FNDA:0,(anonymous_25)
FNDA:0,(anonymous_26)
FNDA:0,(anonymous_27)
DA:4,1
DA:5,0
DA:7,0
DA:8,0
DA:10,0
DA:11,0
DA:15,0
DA:16,0
DA:17,0
DA:21,0
DA:22,0
DA:23,0
DA:26,0
DA:27,0
DA:31,0
DA:32,0
DA:36,0
DA:44,0
DA:45,0
DA:47,0
DA:48,0
DA:52,1
DA:53,0
DA:55,0
DA:56,0
DA:58,0
DA:59,0
DA:63,0
DA:64,0
DA:67,0
DA:75,0
DA:78,0
DA:79,0
DA:81,0
DA:83,0
DA:84,0
DA:88,1
DA:89,0
DA:90,0
DA:91,0
DA:93,0
DA:94,0
DA:97,0
DA:98,0
DA:100,0
DA:102,0
DA:103,0
DA:107,1
DA:108,0
DA:109,0
DA:110,0
DA:112,0
DA:113,0
DA:117,0
DA:118,0
DA:120,0
DA:122,0
DA:123,0
DA:127,1
DA:128,0
DA:129,0
DA:130,0
DA:131,0
DA:136,0
DA:137,0
DA:140,0
DA:141,0
DA:144,0
DA:145,0
DA:147,0
DA:149,0
DA:150,0
DA:154,1
DA:155,0
DA:157,0
DA:160,0
DA:161,0
DA:163,0
DA:164,0
DA:168,0
DA:169,0
DA:171,0
DA:172,0
DA:178,0
DA:180,0
DA:181,0
DA:185,1
DA:186,0
DA:187,0
DA:188,0
DA:190,0
DA:191,0
DA:193,0
DA:194,0
DA:198,0
DA:199,0
DA:203,1
DA:204,0
DA:205,0
DA:206,0
DA:208,0
DA:209,0
DA:211,0
DA:212,0
DA:216,0
DA:217,0
DA:221,1
DA:222,0
DA:224,0
DA:225,0
DA:228,0
DA:231,0
DA:232,0
DA:234,0
DA:237,0
DA:238,0
DA:240,0
DA:242,0
DA:244,0
DA:245,0
DA:249,1
DA:250,0
DA:251,0
DA:252,0
DA:253,0
DA:256,0
DA:257,0
DA:266,0
DA:268,0
DA:270,0
DA:271,0
LF:131
LH:10
BRDA:10,0,0,0
BRDA:10,0,1,0
BRDA:10,1,0,0
BRDA:10,1,1,0
BRDA:16,2,0,0
BRDA:16,2,1,0
BRDA:23,3,0,0
BRDA:23,3,1,0
BRDA:23,3,2,0
BRDA:26,4,0,0
BRDA:26,4,1,0
BRDA:31,5,0,0
BRDA:31,5,1,0
BRDA:56,6,0,0
BRDA:56,6,1,0
BRDA:58,7,0,0
BRDA:58,7,1,0
BRDA:58,8,0,0
BRDA:58,8,1,0
BRDA:91,9,0,0
BRDA:91,9,1,0
BRDA:93,10,0,0
BRDA:93,10,1,0
BRDA:93,11,0,0
BRDA:93,11,1,0
BRDA:110,12,0,0
BRDA:110,12,1,0
BRDA:112,13,0,0
BRDA:112,13,1,0
BRDA:131,14,0,0
BRDA:131,14,1,0
BRDA:131,14,2,0
BRDA:131,14,3,0
BRDA:131,14,4,0
BRDA:136,15,0,0
BRDA:136,15,1,0
BRDA:163,16,0,0
BRDA:163,16,1,0
BRDA:171,17,0,0
BRDA:171,17,1,0
BRDA:194,18,0,0
BRDA:194,18,1,0
BRDA:212,19,0,0
BRDA:212,19,1,0
BRDA:225,20,0,0
BRDA:225,20,1,0
BRDA:232,21,0,0
BRDA:232,21,1,0
BRDA:232,21,2,0
BRDA:234,22,0,0
BRDA:234,22,1,0
BRDA:238,23,0,0
BRDA:238,23,1,0
BRDA:238,23,2,0
BRDA:240,24,0,0
BRDA:240,24,1,0
BRDA:249,25,0,0
BRDA:257,26,0,0
BRDA:257,26,1,0
BRDA:257,26,2,0
BRF:60
BRH:0
end_of_record
TN:
SF:src/services/PostService.ts
FN:15,(anonymous_0)
FN:57,(anonymous_1)
FN:60,(anonymous_2)
FN:78,(anonymous_3)
FN:88,(anonymous_4)
FN:91,(anonymous_5)
FN:98,(anonymous_6)
FN:102,(anonymous_7)
FN:103,(anonymous_8)
FN:110,(anonymous_9)
FN:115,(anonymous_10)
FN:130,(anonymous_11)
FN:136,(anonymous_12)
FN:141,(anonymous_13)
FN:157,(anonymous_14)
FN:164,(anonymous_15)
FN:171,(anonymous_16)
FN:174,(anonymous_17)
FN:182,(anonymous_18)
FN:191,(anonymous_19)
FN:200,(anonymous_20)
FN:220,(anonymous_21)
FN:225,(anonymous_22)
FN:236,(anonymous_23)
FN:264,(anonymous_24)
FN:270,(anonymous_25)
FN:275,(anonymous_26)
FN:286,(anonymous_27)
FN:297,(anonymous_28)
FN:306,(anonymous_29)
FN:313,(anonymous_30)
FN:323,(anonymous_31)
FN:327,(anonymous_32)
FN:331,(anonymous_33)
FN:336,(anonymous_34)
FN:359,(anonymous_35)
FN:366,(anonymous_36)
FN:371,(anonymous_37)
FNF:38
FNH:33
FNDA:4,(anonymous_0)
FNDA:19,(anonymous_1)
FNDA:9,(anonymous_2)
FNDA:42,(anonymous_3)
FNDA:12,(anonymous_4)
FNDA:9,(anonymous_5)
FNDA:2,(anonymous_6)
FNDA:0,(anonymous_7)
FNDA:0,(anonymous_8)
FNDA:19,(anonymous_9)
FNDA:5,(anonymous_10)
FNDA:1,(anonymous_11)
FNDA:1,(anonymous_12)
FNDA:3,(anonymous_13)
FNDA:2,(anonymous_14)
FNDA:2,(anonymous_15)
FNDA:1,(anonymous_16)
FNDA:2,(anonymous_17)
FNDA:0,(anonymous_18)
FNDA:2,(anonymous_19)
FNDA:0,(anonymous_20)
FNDA:1,(anonymous_21)
FNDA:1,(anonymous_22)
FNDA:2,(anonymous_23)
FNDA:2,(anonymous_24)
FNDA:2,(anonymous_25)
FNDA:1,(anonymous_26)
FNDA:5,(anonymous_27)
FNDA:4,(anonymous_28)
FNDA:2,(anonymous_29)
FNDA:2,(anonymous_30)
FNDA:2,(anonymous_31)
FNDA:1,(anonymous_32)
FNDA:1,(anonymous_33)
FNDA:6,(anonymous_34)
FNDA:1,(anonymous_35)
FNDA:1,(anonymous_36)
FNDA:0,(anonymous_37)
DA:6,3
DA:15,3
DA:16,4
DA:17,4
DA:18,4
DA:19,1
DA:23,3
DA:24,3
DA:25,1
DA:28,2
DA:46,2
DA:47,2
DA:48,2
DA:50,2
DA:52,2
DA:53,2
DA:57,3
DA:58,19
DA:59,19
DA:60,19
DA:62,19
DA:63,4
DA:65,15
DA:68,19
DA:71,18
DA:73,1
DA:74,1
DA:78,3
DA:79,42
DA:80,42
DA:81,41
DA:83,1
DA:84,1
DA:88,3
DA:89,12
DA:90,12
DA:91,12
DA:93,0
DA:94,0
DA:98,3
DA:99,2
DA:100,2
DA:101,2
DA:102,0
DA:103,0
DA:105,0
DA:106,0
DA:110,3
DA:111,19
DA:112,19
DA:113,19
DA:115,19
DA:116,19
DA:117,4
DA:119,15
DA:122,19
DA:124,1
DA:125,1
DA:130,3
DA:131,1
DA:132,1
DA:133,1
DA:135,1
DA:136,1
DA:138,1
DA:141,1
DA:143,3
DA:146,2
DA:149,1
DA:150,1
DA:153,0
DA:157,2
DA:159,0
DA:160,0
DA:164,3
DA:165,2
DA:166,2
DA:167,2
DA:168,2
DA:170,1
DA:171,1
DA:174,1
DA:175,2
DA:181,1
DA:182,0
DA:185,0
DA:186,0
DA:191,3
DA:192,2
DA:193,2
DA:194,2
DA:196,1
DA:197,1
DA:200,1
DA:201,1
DA:203,1
DA:210,1
DA:211,1
DA:213,1
DA:215,0
DA:216,0
DA:220,3
DA:221,1
DA:222,1
DA:223,1
DA:225,1
DA:226,1
DA:228,1
DA:230,0
DA:231,0
DA:236,3
DA:237,2
DA:238,2
DA:239,2
DA:241,1
DA:242,1
DA:244,1
DA:254,1
DA:255,1
DA:257,1
DA:259,0
DA:260,0
DA:264,3
DA:265,2
DA:266,2
DA:267,2
DA:270,2
DA:271,2
DA:272,1
DA:275,1
DA:276,1
DA:278,1
DA:280,0
DA:281,0
DA:286,3
DA:287,5
DA:288,5
DA:289,5
DA:290,4
DA:292,1
DA:293,1
DA:297,3
DA:298,4
DA:299,4
DA:300,4
DA:302,1
DA:306,3
DA:307,2
DA:308,2
DA:309,2
DA:310,2
DA:312,2
DA:313,2
DA:314,2
DA:317,0
DA:318,0
DA:323,3
DA:324,2
DA:327,3
DA:328,1
DA:331,3
DA:332,1
DA:336,3
DA:337,6
DA:339,6
DA:342,5
DA:345,4
DA:348,3
DA:349,3
DA:352,0
DA:354,1
DA:355,1
DA:359,3
DA:360,1
DA:361,1
DA:362,1
DA:365,1
DA:366,1
DA:367,1
DA:370,1
DA:371,1
DA:372,1
DA:375,1
DA:377,1
DA:379,0
DA:380,0
LF:186
LH:161
BRDA:18,0,0,1
BRDA:18,0,1,3
BRDA:24,1,0,1
BRDA:24,1,1,2
BRDA:38,2,0,2
BRDA:38,2,1,2
BRDA:39,3,0,2
BRDA:39,3,1,2
BRDA:42,4,0,2
BRDA:42,4,1,1
BRDA:62,5,0,4
BRDA:62,5,1,15
BRDA:81,6,0,24
BRDA:81,6,1,17
BRDA:91,7,0,12
BRDA:91,7,1,3
BRDA:113,8,0,5
BRDA:113,8,1,14
BRDA:116,9,0,4
BRDA:116,9,1,15
BRDA:133,10,0,0
BRDA:133,10,1,1
BRDA:143,11,0,1
BRDA:143,11,1,2
BRDA:146,12,0,1
BRDA:146,12,1,1
BRDA:149,13,0,1
BRDA:149,13,1,0
BRDA:149,14,0,1
BRDA:149,14,1,1
BRDA:168,15,0,1
BRDA:168,15,1,1
BRDA:175,16,0,2
BRDA:175,16,1,1
BRDA:175,16,2,1
BRDA:194,17,0,1
BRDA:194,17,1,1
BRDA:197,18,0,0
BRDA:197,18,1,1
BRDA:201,19,0,0
BRDA:201,19,1,1
BRDA:223,20,0,0
BRDA:223,20,1,1
BRDA:239,21,0,1
BRDA:239,21,1,1
BRDA:242,22,0,0
BRDA:242,22,1,1
BRDA:267,23,0,0
BRDA:267,23,1,2
BRDA:271,24,0,1
BRDA:271,24,1,1
BRDA:271,25,0,2
BRDA:271,25,1,2
BRDA:271,25,2,2
BRDA:314,26,0,2
BRDA:314,26,1,1
BRDA:339,27,0,1
BRDA:339,27,1,5
BRDA:342,28,0,1
BRDA:342,28,1,4
BRDA:345,29,0,1
BRDA:345,29,1,3
BRDA:348,30,0,3
BRDA:348,30,1,0
BRDA:362,31,0,0
BRDA:362,31,1,1
BRDA:362,32,0,1
BRDA:362,32,1,1
BRF:68
BRH:59
end_of_record
TN:
SF:src/services/UserStorage.ts
FN:12,(anonymous_0)
FN:22,(anonymous_1)
FN:25,(anonymous_2)
FN:32,(anonymous_3)
FN:35,(anonymous_4)
FN:42,(anonymous_5)
FN:45,(anonymous_6)
FN:60,(anonymous_7)
FN:69,(anonymous_8)
FN:72,(anonymous_9)
FN:80,(anonymous_10)
FN:85,(anonymous_11)
FN:101,(anonymous_12)
FN:111,(anonymous_13)
FN:114,(anonymous_14)
FN:129,(anonymous_15)
FN:134,(anonymous_16)
FN:136,(anonymous_17)
FN:145,(anonymous_18)
FN:155,(anonymous_19)
FN:158,(anonymous_20)
FN:173,(anonymous_21)
FN:178,(anonymous_22)
FN:182,(anonymous_23)
FN:186,(anonymous_24)
FN:193,(anonymous_25)
FN:197,(anonymous_26)
FN:209,(anonymous_27)
FN:213,(anonymous_28)
FN:218,(anonymous_29)
FN:245,(anonymous_30)
FN:251,(anonymous_31)
FNF:32
FNH:16
FNDA:64,(anonymous_0)
FNDA:15,(anonymous_1)
FNDA:14,(anonymous_2)
FNDA:0,(anonymous_3)
FNDA:0,(anonymous_4)
FNDA:33,(anonymous_5)
FNDA:18,(anonymous_6)
FNDA:5,(anonymous_7)
FNDA:0,(anonymous_8)
FNDA:0,(anonymous_9)
FNDA:0,(anonymous_10)
FNDA:0,(anonymous_11)
FNDA:0,(anonymous_12)
FNDA:0,(anonymous_13)
FNDA:0,(anonymous_14)
FNDA:0,(anonymous_15)
FNDA:0,(anonymous_16)
FNDA:0,(anonymous_17)
FNDA:10,(anonymous_18)
FNDA:3,(anonymous_19)
FNDA:0,(anonymous_20)
FNDA:5,(anonymous_21)
FNDA:2,(anonymous_22)
FNDA:2,(anonymous_23)
FNDA:9,(anonymous_24)
FNDA:2,(anonymous_25)
FNDA:2,(anonymous_26)
FNDA:0,(anonymous_27)
FNDA:0,(anonymous_28)
FNDA:4,(anonymous_29)
FNDA:3,(anonymous_30)
FNDA:0,(anonymous_31)
DA:4,11
DA:12,11
DA:13,64
DA:14,64
DA:15,64
DA:17,0
DA:18,0
DA:22,11
DA:23,15
DA:24,15
DA:25,15
DA:27,0
DA:28,0
DA:32,11
DA:33,0
DA:34,0
DA:35,0
DA:37,0
DA:38,0
DA:42,11
DA:43,33
DA:44,33
DA:45,33
DA:47,33
DA:48,5
DA:50,28
DA:53,33
DA:55,0
DA:56,0
DA:60,11
DA:61,5
DA:62,5
DA:64,0
DA:65,0
DA:69,11
DA:70,0
DA:71,0
DA:72,0
DA:73,0
DA:75,0
DA:76,0
DA:80,11
DA:81,0
DA:82,0
DA:83,0
DA:85,0
DA:86,0
DA:88,0
DA:95,0
DA:96,0
DA:101,11
DA:102,0
DA:103,0
DA:104,0
DA:106,0
DA:107,0
DA:111,11
DA:112,0
DA:113,0
DA:114,0
DA:116,0
DA:117,0
DA:119,0
DA:122,0
DA:124,0
DA:125,0
DA:129,11
DA:130,0
DA:131,0
DA:133,0
DA:134,0
DA:136,0
DA:139,0
DA:140,0
DA:145,11
DA:146,10
DA:147,10
DA:148,10
DA:150,0
DA:151,0
DA:155,11
DA:156,3
DA:157,3
DA:158,3
DA:160,3
DA:161,0
DA:163,3
DA:166,3
DA:168,0
DA:169,0
DA:173,11
DA:174,5
DA:175,5
DA:176,5
DA:178,5
DA:179,2
DA:182,5
DA:183,2
DA:186,9
DA:188,0
DA:189,0
DA:193,11
DA:194,2
DA:195,2
DA:197,2
DA:198,2
DA:203,0
DA:204,0
DA:209,11
DA:210,0
DA:213,11
DA:214,0
DA:218,11
DA:219,4
DA:220,4
DA:221,4
DA:223,3
DA:226,3
DA:227,3
DA:230,3
DA:232,3
DA:239,3
DA:241,0
DA:245,11
DA:246,3
DA:247,3
DA:248,3
DA:250,0
DA:251,0
DA:253,0
DA:254,0
DA:256,0
DA:257,0
DA:258,0
DA:260,0
DA:261,0
DA:263,0
DA:267,0
DA:269,0
DA:270,0
LF:140
LH:67
BRDA:15,0,0,35
BRDA:15,0,1,29
BRDA:25,1,0,15
BRDA:25,1,1,3
BRDA:35,2,0,0
BRDA:35,2,1,0
BRDA:47,3,0,5
BRDA:47,3,1,28
BRDA:86,4,0,0
BRDA:86,4,1,0
BRDA:86,5,0,0
BRDA:86,5,1,0
BRDA:89,6,0,0
BRDA:89,6,1,0
BRDA:89,6,2,0
BRDA:89,6,3,0
BRDA:104,7,0,0
BRDA:104,7,1,0
BRDA:116,8,0,0
BRDA:116,8,1,0
BRDA:133,9,0,0
BRDA:133,9,1,0
BRDA:136,10,0,0
BRDA:136,10,1,0
BRDA:148,11,0,4
BRDA:148,11,1,6
BRDA:160,12,0,0
BRDA:160,12,1,3
BRDA:179,13,0,2
BRDA:179,13,1,0
BRDA:179,13,2,2
BRDA:183,14,0,2
BRDA:183,14,1,0
BRDA:198,15,0,2
BRDA:198,15,1,2
BRDA:198,15,2,1
BRDA:198,15,3,0
BRDA:198,15,4,1
BRDA:221,16,0,1
BRDA:221,16,1,3
BRDA:227,17,0,0
BRDA:227,17,1,3
BRDA:248,18,0,3
BRDA:248,18,1,0
BRDA:260,19,0,0
BRDA:260,19,1,0
BRF:46
BRH:20
end_of_record
